#
# There is insufficient memory for the Java Runtime Environment to continue.
# Native memory allocation (malloc) failed to allocate 1048576 bytes for AllocateHeap
# Possible reasons:
#   The system is out of physical RAM or swap space
#   In 32 bit mode, the process size limit was hit
# Possible solutions:
#   Reduce memory load on the system
#   Increase physical memory or swap space
#   Check if swap backing store is full
#   Use 64 bit Java on a 64 bit OS
#   Decrease Java heap size (-Xmx/-Xms)
#   Decrease number of Java threads
#   Decrease Java thread stack sizes (-Xss)
#   Set larger code cache with -XX:ReservedCodeCacheSize=
# This output file may be truncated or incomplete.
#
#  Out of Memory Error (memory/allocation.inline.hpp:59), pid=856, tid=7932
#
# JRE version:  (7.0_12-b08) (build )
# Java VM: Java HotSpot(TM) 64-Bit Server VM (24.0-b28 mixed mode windows-amd64 compressed oops)
# Failed to write core dump. Minidumps are not enabled by default on client versions of Windows
#

---------------  T H R E A D  ---------------

Current thread (0x000000000242e000):  JavaThread "Unknown thread" [_thread_in_vm, id=7932, stack(0x0000000002710000,0x0000000002810000)]

Stack: [0x0000000002710000,0x0000000002810000]

---------------  P R O C E S S  ---------------

Java Threads: ( => current thread )

Other Threads:

=>0x000000000242e000 (exited) JavaThread "Unknown thread" [_thread_in_vm, id=7932, stack(0x0000000002710000,0x0000000002810000)]

VM state:not at safepoint (normal execution)

VM Mutex/Monitor currently owned by a thread: None

Heap
 PSYoungGen      total 37824K, used 649K [0x00000007d5cb0000, 0x00000007d86e0000, 0x0000000800000000)
  eden space 32448K, 2% used [0x00000007d5cb0000,0x00000007d5d52440,0x00000007d7c60000)
  from space 5376K, 0% used [0x00000007d81a0000,0x00000007d81a0000,0x00000007d86e0000)
  to   space 5376K, 0% used [0x00000007d7c60000,0x00000007d7c60000,0x00000007d81a0000)
 ParOldGen       total 86464K, used 0K [0x0000000781600000, 0x0000000786a70000, 0x00000007d5cb0000)
  object space 86464K, 0% used [0x0000000781600000,0x0000000781600000,0x0000000786a70000)
 PSPermGen       total 21248K, used 664K [0x000000077c400000, 0x000000077d8c0000, 0x0000000781600000)
  object space 21248K, 3% used [0x000000077c400000,0x000000077c4a63e8,0x000000077d8c0000)

Card table byte_map: [0x0000000005810000,0x0000000005c30000] byte_map_base: 0x0000000001c2e000

Polling page: 0x0000000000240000

Code Cache  [0x0000000002810000, 0x0000000002a80000, 0x0000000005810000)
 total_blobs=38 nmethods=0 adapters=20 free_code_cache=48889Kb largest_free_block=50062592

Compilation events (0 events):
No events

GC Heap History (0 events):
No events

Deoptimization events (0 events):
No events

Internal exceptions (0 events):
No events

Events (10 events):
Event: 0.013 loading class 0x0000000002368970
Event: 0.013 loading class 0x0000000002368970 done
Event: 0.013 loading class 0x00000000023689c0
Event: 0.013 loading class 0x00000000023689c0 done
Event: 0.013 loading class 0x0000000002368a10
Event: 0.013 loading class 0x0000000002368a10 done
Event: 0.014 loading class 0x0000000002369770
Event: 0.015 loading class 0x0000000002369770 done
Event: 0.015 loading class 0x0000000002369390
Event: 0.015 loading class 0x0000000002369390 done


Dynamic libraries:
0x000000013fc10000 - 0x000000013fc43000 	C:\Program Files\Java\jdk1.7.0_12\bin\java.exe
0x00000000776e0000 - 0x0000000077889000 	C:\Windows\SYSTEM32\ntdll.dll
0x00000000775c0000 - 0x00000000776df000 	C:\Windows\system32\kernel32.dll
0x000007fefcd90000 - 0x000007fefcdfb000 	C:\Windows\system32\KERNELBASE.dll
0x000007fefe1c0000 - 0x000007fefe29b000 	C:\Windows\system32\ADVAPI32.dll
0x000007fefce40000 - 0x000007fefcedf000 	C:\Windows\system32\msvcrt.dll
0x000007fefed20000 - 0x000007fefed3f000 	C:\Windows\SYSTEM32\sechost.dll
0x000007fefebf0000 - 0x000007fefed1d000 	C:\Windows\system32\RPCRT4.dll
0x00000000774c0000 - 0x00000000775ba000 	C:\Windows\system32\USER32.dll
0x000007fefe820000 - 0x000007fefe887000 	C:\Windows\system32\GDI32.dll
0x000007fefcf00000 - 0x000007fefcf0e000 	C:\Windows\system32\LPK.dll
0x000007fefe2d0000 - 0x000007fefe399000 	C:\Windows\system32\USP10.dll
0x000007fefb4b0000 - 0x000007fefb6a4000 	C:\Windows\WinSxS\amd64_microsoft.windows.common-controls_6595b64144ccf1df_6.0.7601.17514_none_fa396087175ac9ac\COMCTL32.dll
0x000007fefe520000 - 0x000007fefe591000 	C:\Windows\system32\SHLWAPI.dll
0x000007fefe2a0000 - 0x000007fefe2ce000 	C:\Windows\system32\IMM32.DLL
0x000007fefdd20000 - 0x000007fefde29000 	C:\Windows\system32\MSCTF.dll
0x000007fefca30000 - 0x000007fefca70000 	C:\Windows\system32\nvinitx.dll
0x0000000062040000 - 0x0000000062111000 	C:\Program Files\Java\jdk1.7.0_12\jre\bin\msvcr100.dll
0x000000005db40000 - 0x000000005e2cc000 	C:\Program Files\Java\jdk1.7.0_12\jre\bin\server\jvm.dll
0x000007fef8110000 - 0x000007fef8119000 	C:\Windows\system32\WSOCK32.dll
0x000007fefe170000 - 0x000007fefe1bd000 	C:\Windows\system32\WS2_32.dll
0x000007fefee20000 - 0x000007fefee28000 	C:\Windows\system32\NSI.dll
0x000007fefa9a0000 - 0x000007fefa9db000 	C:\Windows\system32\WINMM.dll
0x00000000778a0000 - 0x00000000778a7000 	C:\Windows\system32\PSAPI.DLL
0x000000006cd10000 - 0x000000006cd1f000 	C:\Program Files\Java\jdk1.7.0_12\jre\bin\verify.dll
0x000000006beb0000 - 0x000000006bed8000 	C:\Program Files\Java\jdk1.7.0_12\jre\bin\java.dll
0x000000006bf20000 - 0x000000006bf35000 	C:\Program Files\Java\jdk1.7.0_12\jre\bin\zip.dll

VM Arguments:
jvm_args: -Dfile.encoding=UTF-8 -Djava.security.policy=applet.policy 
java_command: domoticcenterdesktop.DomoticCenter
Launcher Type: SUN_STANDARD

Environment Variables:
JAVA_HOME=C:\Program Files\Java\jdk1.7.0_05
PATH=C:\Program Files (x86)\NVIDIA Corporation\PhysX\Common;C:\Windows\system32;C:\Windows;C:\Windows\System32\Wbem;C:\Windows\System32\WindowsPowerShell\v1.0\;c:\Program Files (x86)\Microsoft SQL Server\100\Tools\Binn\;c:\Program Files\Microsoft SQL Server\100\Tools\Binn\;c:\Program Files\Microsoft SQL Server\100\DTS\Binn\;<ANDROID_SDK_HOME>\tools;<ANDROID_SDK_HOME>\platform-tools;C:\Program Files\MySQL\MySQL Server 5.5\bin;C:\Ruby193\bin
USERNAME=Mauricio
OS=Windows_NT
PROCESSOR_IDENTIFIER=Intel64 Family 6 Model 42 Stepping 7, GenuineIntel



---------------  S Y S T E M  ---------------

OS: Windows 7 , 64 bit Build 7601 Service Pack 1

CPU:total 4 (4 cores per cpu, 1 threads per core) family 6 model 42 stepping 7, cmov, cx8, fxsr, mmx, sse, sse2, sse3, ssse3, sse4.1, sse4.2, popcnt, avx, aes, tsc, tscinvbit

Memory: 4k page, physical 8295800k(2450144k free), swap 9338996k(19000k free)

vm_info: Java HotSpot(TM) 64-Bit Server VM (24.0-b28) for windows-amd64 JRE (1.7.0_12-ea-b08), built on Jan  3 2013 02:47:01 by "java_re" with unknown MS VC++:1600

time: Sat Jan 12 19:26:32 2013
elapsed time: 0 seconds

